<?xml version="1.0" encoding="UTF-8"?>
<!-- Generated by org.testng.reporters.JUnitReportReporter -->
<testsuite hostname="Anji-PC" name="com.testcases.LoginTestCase" tests="1" failures="0" timestamp="23 Jun 2016 18:53:48 GMT" time="9.102" errors="0">
  <testcase name="loginTestCases" time="9.102" classname="com.testcases.LoginTestCase"/>
</testsuite> <!-- com.testcases.LoginTestCase -->
